mysqli_result::__set_state(array(
))NULLmysqli_result::__set_state(array(
))array (
  0 => '',
  'user_name' => '',
  1 => '',
  'password' => '',
  2 => '',
  'confirm_password' => '',
)mysqli_result::__set_state(array(
))NULLmysqli_result::__set_state(array(
))array (
  0 => '',
  'user_name' => '',
  1 => '',
  'password' => '',
  2 => '',
  'confirm_password' => '',
)mysqli_result::__set_state(array(
))array (
  0 => 'er',
  'user_name' => 'er',
  1 => 'er',
  'password' => 'er',
  2 => 'er',
  'confirm_password' => 'er',
)mysqli_result::__set_state(array(
))array (
  0 => 'er',
  'user_name' => 'er',
  1 => 'er',
  'password' => 'er',
  2 => 'er',
  'confirm_password' => 'er',
)mysqli_result::__set_state(array(
))array (
  0 => 'wc',
  'user_name' => 'wc',
  1 => 'wc',
  'password' => 'wc',
  2 => 'w',
  'confirm_password' => 'w',
)mysqli_result::__set_state(array(
))array (
  0 => 'hosni',
  'user_name' => 'hosni',
  1 => 'hosni',
  'password' => 'hosni',
  2 => 'hosni',
  'confirm_password' => 'hosni',
)